<?xml version="1.0" encoding="UTF-8"?>
<testsuite xmlns:xsi="http://www.w3.org/2001/XMLSchema-instance" xsi:noNamespaceSchemaLocation="https://maven.apache.org/surefire/maven-surefire-plugin/xsd/surefire-test-report.xsd" name="com.nadhem.produits.ProduitsApplicationTests" time="14.319" tests="13" errors="1" skipped="0" failures="0">
  <properties>
[...]
</properties>
  <testcase name="testTrierProduitsNomsPrix" classname="com.nadhem.produits.ProduitsApplicationTests" time="0.588"/>
  <testcase name="testFindByNomProduitContains" classname="com.nadhem.produits.ProduitsApplicationTests" time="0.069"/>
  <testcase name="testfindByCategorie" classname="com.nadhem.produits.ProduitsApplicationTests" time="0.03"/>
  <testcase name="testCreateProduit" classname="com.nadhem.produits.ProduitsApplicationTests" time="0.016"/>
  <testcase name="testfindByOrderByNomProduitAsc" classname="com.nadhem.produits.ProduitsApplicationTests" time="0.061"/>
  <testcase name="testFindProduit" classname="com.nadhem.produits.ProduitsApplicationTests" time="0.037"/>
  <testcase name="testUpdateProduit" classname="com.nadhem.produits.ProduitsApplicationTests" time="0.064">
    <error message="Could not commit JPA transaction; nested exception is javax.persistence.RollbackException: Error while committing the transaction" type="org.springframework.transaction.TransactionSystemException">org.springframework.transaction.TransactionSystemException: Could not commit JPA transaction; nested exception is javax.persistence.RollbackException: Error while committing the transaction
	at com.nadhem.produits.ProduitsApplicationTests.testUpdateProduit(ProduitsApplicationTests.java:50)
Caused by: javax.persistence.RollbackException: Error while committing the transaction
	at com.nadhem.produits.ProduitsApplicationTests.testUpdateProduit(ProduitsApplicationTests.java:50)
Caused by: javax.validation.ValidationException: HV000028: Unexpected exception during isValid call.
	at com.nadhem.produits.ProduitsApplicationTests.testUpdateProduit(ProduitsApplicationTests.java:50)
Caused by: java.lang.UnsupportedOperationException
	at com.nadhem.produits.ProduitsApplicationTests.testUpdateProduit(ProduitsApplicationTests.java:50)
</error>
    <system-out><![CDATA[Hibernate: select produit0_.id_produit as id_produ1_1_0_, produit0_.categorie_id_cat as categori5_1_0_, produit0_.date_creation as date_cre2_1_0_, produit0_.nom_produit as nom_prod3_1_0_, produit0_.prix_produit as prix_pro4_1_0_, categorie1_.id_cat as id_cat1_0_1_, categorie1_.description_cat as descript2_0_1_, categorie1_.nom_cat as nom_cat3_0_1_ from produit produit0_ left outer join categorie categorie1_ on produit0_.categorie_id_cat=categorie1_.id_cat where produit0_.id_produit=?
Hibernate: select produit0_.id_produit as id_produ1_1_0_, produit0_.categorie_id_cat as categori5_1_0_, produit0_.date_creation as date_cre2_1_0_, produit0_.nom_produit as nom_prod3_1_0_, produit0_.prix_produit as prix_pro4_1_0_ from produit produit0_ where produit0_.id_produit=?
]]></system-out>
  </testcase>
  <testcase name="testfindByNomPrix" classname="com.nadhem.produits.ProduitsApplicationTests" time="0.016"/>
  <testcase name="testListerTousProduits" classname="com.nadhem.produits.ProduitsApplicationTests" time="0.023"/>
  <testcase name="findByCategorieIdCat" classname="com.nadhem.produits.ProduitsApplicationTests" time="0.03"/>
  <testcase name="testDeleteProduit" classname="com.nadhem.produits.ProduitsApplicationTests" time="0.052"/>
  <testcase name="testFindByNomProduit" classname="com.nadhem.produits.ProduitsApplicationTests" time="0.016"/>
  <testcase name="testFindByNomProduitLike" classname="com.nadhem.produits.ProduitsApplicationTests" time="0.022"/>
</testsuite>